Removed Pin From Net: NetName=RST Pin=UC-A2
Removed Pin From Net: NetName=TEST Pin=UC-A4
Removed Pin From Net: NetName=GND Pin=UC-A5
Removed Pin From Net: NetName=NetC6_2 Pin=UC-A6
Removed Pin From Net: NetName=5V Pin=UC-A7
Removed Pin From Net: NetName=NetR1_2 Pin=UC-A9
Removed Pin From Net: NetName=NetU4_11 Pin=UC-B4
Removed Pin From Net: NetName=NetU4_12 Pin=UC-B5
Removed Pin From Net: NetName=NetC5_2 Pin=UC-B6
Removed Pin From Net: NetName=NetR1_1 Pin=UC-B7
Removed Pin From Net: NetName=GND Pin=UC-B8
Removed Pin From Net: NetName=GND Pin=UC-B9
Removed Pin From Net: NetName=GRN_LED Pin=UC-C8
Removed Pin From Net: NetName=RXD Pin=UC-C9
Removed Pin From Net: NetName=TXD Pin=UC-D7
Removed Pin From Net: NetName=NetU5_20 Pin=UC-D8
Removed Pin From Net: NetName=NetU5_21 Pin=UC-D9
Removed Pin From Net: NetName=NetU4_14 Pin=UC-E1
Removed Pin From Net: NetName=NetU4_13 Pin=UC-E2
Removed Pin From Net: NetName=NetU5_19 Pin=UC-E7
Removed Pin From Net: NetName=VDD Pin=UC-E9
Removed Pin From Net: NetName=VDD Pin=UC-F2
Removed Pin From Net: NetName=GND Pin=UC-F9
Removed Pin From Net: NetName=GND Pin=UC-G2
Removed Pin From Net: NetName=NetU4_19 Pin=UC-G4
Removed Pin From Net: NetName=NetU4_20 Pin=UC-G5
Removed Pin From Net: NetName=NetU2_5 Pin=UC-G7
Removed Pin From Net: NetName=NetU4_21 Pin=UC-G8
Removed Pin From Net: NetName=NetU2_4 Pin=UC-G9
Removed Pin From Net: NetName=VDD Pin=UC-H1
Removed Pin From Net: NetName=NetU5_22 Pin=UC-H3
Removed Pin From Net: NetName=NetU5_16 Pin=UC-H4
Removed Pin From Net: NetName=NetU5_14 Pin=UC-H5
Removed Pin From Net: NetName=NetU2_6 Pin=UC-H6
Removed Pin From Net: NetName=NetU2_3 Pin=UC-H7
Removed Pin From Net: NetName=NetU4_24 Pin=UC-H8
Removed Pin From Net: NetName=NetU4_22 Pin=UC-H9
Removed Pin From Net: NetName=GND Pin=UC-J1
Removed Pin From Net: NetName=NetC3_1 Pin=UC-J2
Removed Pin From Net: NetName=NetU5_18 Pin=UC-J3
Removed Pin From Net: NetName=NetU5_15 Pin=UC-J4
Removed Pin From Net: NetName=MCLK Pin=UC-J6
Removed Pin From Net: NetName=NetU2_1 Pin=UC-J7
Removed Pin From Net: NetName=NetU2_2 Pin=UC-J8
Removed Member From Class: ClassName=MSP430F5528ZQFE Member=UC
Added Component: Designator=UD(MSP430F5528ZQFE)
Added Pin To Net: NetName=RST Pin=UD-A2
Added Pin To Net: NetName=TEST Pin=UD-A4
Added Pin To Net: NetName=GND Pin=UD-A5
Added Pin To Net: NetName=NetC6_2 Pin=UD-A6
Added Pin To Net: NetName=5V Pin=UD-A7
Added Pin To Net: NetName=NetR1_2 Pin=UD-A9
Added Pin To Net: NetName=NetU4_11 Pin=UD-B4
Added Pin To Net: NetName=NetU4_12 Pin=UD-B5
Added Pin To Net: NetName=NetC5_2 Pin=UD-B6
Added Pin To Net: NetName=NetR1_1 Pin=UD-B7
Added Pin To Net: NetName=GND Pin=UD-B8
Added Pin To Net: NetName=GND Pin=UD-B9
Added Pin To Net: NetName=GRN_LED Pin=UD-C8
Added Pin To Net: NetName=RXD Pin=UD-C9
Added Pin To Net: NetName=TXD Pin=UD-D7
Added Pin To Net: NetName=NetU5_20 Pin=UD-D8
Added Pin To Net: NetName=NetU5_21 Pin=UD-D9
Added Pin To Net: NetName=NetU4_14 Pin=UD-E1
Added Pin To Net: NetName=NetU4_13 Pin=UD-E2
Added Pin To Net: NetName=NetU5_19 Pin=UD-E7
Added Pin To Net: NetName=VDD Pin=UD-E9
Added Pin To Net: NetName=VDD Pin=UD-F2
Added Pin To Net: NetName=GND Pin=UD-F9
Added Pin To Net: NetName=GND Pin=UD-G2
Added Pin To Net: NetName=NetU4_19 Pin=UD-G4
Added Pin To Net: NetName=NetU4_20 Pin=UD-G5
Added Pin To Net: NetName=NetU2_5 Pin=UD-G7
Added Pin To Net: NetName=NetU4_21 Pin=UD-G8
Added Pin To Net: NetName=NetU2_4 Pin=UD-G9
Added Pin To Net: NetName=VDD Pin=UD-H1
Added Pin To Net: NetName=NetU5_22 Pin=UD-H3
Added Pin To Net: NetName=NetU5_16 Pin=UD-H4
Added Pin To Net: NetName=NetU5_14 Pin=UD-H5
Added Pin To Net: NetName=NetU2_6 Pin=UD-H6
Added Pin To Net: NetName=NetU2_3 Pin=UD-H7
Added Pin To Net: NetName=NetU4_24 Pin=UD-H8
Added Pin To Net: NetName=NetU4_22 Pin=UD-H9
Added Pin To Net: NetName=GND Pin=UD-J1
Added Pin To Net: NetName=NetC3_1 Pin=UD-J2
Added Pin To Net: NetName=NetU5_18 Pin=UD-J3
Added Pin To Net: NetName=NetU5_15 Pin=UD-J4
Added Pin To Net: NetName=MCLK Pin=UD-J6
Added Pin To Net: NetName=NetU2_1 Pin=UD-J7
Added Pin To Net: NetName=NetU2_2 Pin=UD-J8
Added Member To Class: ClassName=MSP430F5528ZQFE Member=Component UD Component_1
