Added Component: Designator=P7(HDR1X3)
Added Component: Designator=R56(0402)
Added Component: Designator=R57(0402)
Added Component: Designator=U6(M14A)
Added Pin To Net: NetName=RLD Pin=P7-3
Added Pin To Net: NetName=AVDD Pin=R56-2
Added Pin To Net: NetName=AGND Pin=R57-1
Added Pin To Net: NetName=AVDD Pin=U6-4
Added Pin To Net: NetName=AGND Pin=U6-11
Added Pin To Net: NetName=AVDD/2 Pin=P7-1
Added Pin To Net: NetName=AVDD/2 Pin=U6-13
Added Pin To Net: NetName=AVDD/2 Pin=U6-14
Added Net: Name=AVDD/2
Added Pin To Net: NetName=IN+ Pin=R55-1
Added Pin To Net: NetName=IN+ Pin=U5-4
Added Pin To Net: NetName=IN+ Pin=U6-3
Added Net: Name=IN+
Added Pin To Net: NetName=IN- Pin=R54-2
Added Pin To Net: NetName=IN- Pin=U5-3
Added Pin To Net: NetName=IN- Pin=U6-5
Added Net: Name=IN-
Added Pin To Net: NetName=NetR56_1 Pin=R56-1
Added Pin To Net: NetName=NetR56_1 Pin=R57-2
Added Pin To Net: NetName=NetR56_1 Pin=U6-12
Added Net: Name=NetR56_1
Added Pin To Net: NetName=NetSPE_Electrodes_1 Pin=U6-1
Added Pin To Net: NetName=NetSPE_Electrodes_1 Pin=U6-2
Added Net: Name=NetSPE_Electrodes_1
Added Pin To Net: NetName=NetSPE_Electrodes_2 Pin=U6-6
Added Pin To Net: NetName=NetSPE_Electrodes_2 Pin=U6-7
Added Net: Name=NetSPE_Electrodes_2
Added Pin To Net: NetName=REF Pin=P7-2
Added Net: Name=REF
Added Member To Class: ClassName=AFE_ADS129X Member=Component P7 Header 3
Added Member To Class: ClassName=AFE_ADS129X Member=Component R56 
Added Member To Class: ClassName=AFE_ADS129X Member=Component R57 
Added Member To Class: ClassName=AFE_ADS129X Member=Component U6 LMC6484IMX
