Added Component: Designator=C1(0402)
Added Component: Designator=C2(0402)
Added Component: Designator=C3(0402)
Added Component: Designator=C4(0402)
Added Component: Designator=C5(0402)
Added Component: Designator=C6(0402)
Added Component: Designator=C10(0402)
Added Component: Designator=C11(0402)
Added Component: Designator=C12(0402)
Added Component: Designator=C13(0402)
Added Component: Designator=C14(0402)
Added Component: Designator=C15(0402)
Added Component: Designator=C16(0402)
Added Component: Designator=C17(0402)
Added Component: Designator=C18(0402)
Added Component: Designator=C19(0402)
Added Component: Designator=C21(0402)
Added Component: Designator=C22(0402)
Added Component: Designator=C41(0402)
Added Component: Designator=C42(0402)
Added Component: Designator=C43(0402)
Added Component: Designator=C44(0402)
Added Component: Designator=C45(0402)
Added Component: Designator=C46(0402)
Added Component: Designator=C47(0402)
Added Component: Designator=C48(0402)
Added Component: Designator=C49(0402)
Added Component: Designator=C51(0402)
Added Component: Designator=C52(0402)
Added Component: Designator=C53(0402)
Added Component: Designator=C54(0402)
Added Component: Designator=C55(0402)
Added Component: Designator=C56(0402)
Added Component: Designator=C57(0402)
Added Component: Designator=C410(0402)
Added Component: Designator=D1(0805 (2012 metric))
Added Component: Designator=D41(0805 (2012 metric))
Added Component: Designator=E1(ANT-2.45-CHP-B)
Added Component: Designator=J1(CON7_1X7_DRBF_HS)
Added Component: Designator=J41(WM4459CT-ND)
Added Component: Designator=L1(0402)
Added Component: Designator=L2(0402)
Added Component: Designator=L3(0402)
Added Component: Designator=R1(0402)
Added Component: Designator=R2(0402)
Added Component: Designator=R5(0402)
Added Component: Designator=R11(0402)
Added Component: Designator=R12(0402)
Added Component: Designator=R41(0402)
Added Component: Designator=R51(0402)
Added Component: Designator=R52(0402)
Added Component: Designator=R53(0402)
Added Component: Designator=R54(0402)
Added Component: Designator=R55(0402)
Added Component: Designator=S1(CUS-12B)
Added Component: Designator=U1(MSP430F5528ZQFE)
Added Component: Designator=U2(Component_nRF)
Added Component: Designator=U3(8Y-16.000MAAV-T)
Added Component: Designator=U4(PCBComponent_1)
Added Component: Designator=U5(ADS129X)
Added Component: Designator=U41(TSOP-5ll)
Added Component: Designator=U42(TSOP-5ll)
Added Pin To Net: NetName=5V Pin=C4-1
Added Pin To Net: NetName=5V Pin=J1-6
Added Pin To Net: NetName=5V Pin=U1-A7
Added Net: Name=5V
Added Pin To Net: NetName=AGND Pin=C46-1
Added Pin To Net: NetName=AGND Pin=C47-1
Added Pin To Net: NetName=AGND Pin=C48-1
Added Pin To Net: NetName=AGND Pin=C49-1
Added Pin To Net: NetName=AGND Pin=C53-2
Added Pin To Net: NetName=AGND Pin=C54-2
Added Pin To Net: NetName=AGND Pin=C55-2
Added Pin To Net: NetName=AGND Pin=C56-2
Added Pin To Net: NetName=AGND Pin=C410-1
Added Pin To Net: NetName=AGND Pin=U5-5
Added Pin To Net: NetName=AGND Pin=U5-6
Added Pin To Net: NetName=AGND Pin=U5-10
Added Pin To Net: NetName=AGND Pin=U5-13
Added Pin To Net: NetName=AGND Pin=U42-2
Added Net: Name=AGND
Added Pin To Net: NetName=AVDD Pin=C46-2
Added Pin To Net: NetName=AVDD Pin=C47-2
Added Pin To Net: NetName=AVDD Pin=C48-2
Added Pin To Net: NetName=AVDD Pin=C49-2
Added Pin To Net: NetName=AVDD Pin=R51-1
Added Pin To Net: NetName=AVDD Pin=R52-1
Added Pin To Net: NetName=AVDD Pin=U5-12
Added Pin To Net: NetName=AVDD Pin=U42-5
Added Net: Name=AVDD
Added Pin To Net: NetName=CLK_AFE Pin=U5-17
Added Net: Name=CLK_AFE
Added Pin To Net: NetName=E+ Pin=R54-2
Added Pin To Net: NetName=E+ Pin=U5-3
Added Net: Name=E+
Added Pin To Net: NetName=E- Pin=R55-1
Added Pin To Net: NetName=E- Pin=U5-4
Added Net: Name=E-
Added Pin To Net: NetName=GND Pin=C1-2
Added Pin To Net: NetName=GND Pin=C2-2
Added Pin To Net: NetName=GND Pin=C3-2
Added Pin To Net: NetName=GND Pin=C4-2
Added Pin To Net: NetName=GND Pin=C5-1
Added Pin To Net: NetName=GND Pin=C6-1
Added Pin To Net: NetName=GND Pin=C10-2
Added Pin To Net: NetName=GND Pin=C11-1
Added Pin To Net: NetName=GND Pin=C12-1
Added Pin To Net: NetName=GND Pin=C13-1
Added Pin To Net: NetName=GND Pin=C14-1
Added Pin To Net: NetName=GND Pin=C15-1
Added Pin To Net: NetName=GND Pin=C16-1
Added Pin To Net: NetName=GND Pin=C17-1
Added Pin To Net: NetName=GND Pin=C18-1
Added Pin To Net: NetName=GND Pin=C22-1
Added Pin To Net: NetName=GND Pin=C41-1
Added Pin To Net: NetName=GND Pin=C42-1
Added Pin To Net: NetName=GND Pin=C43-1
Added Pin To Net: NetName=GND Pin=C44-1
Added Pin To Net: NetName=GND Pin=C45-1
Added Pin To Net: NetName=GND Pin=J1-7
Added Pin To Net: NetName=GND Pin=J41-2
Added Pin To Net: NetName=GND Pin=R2-2
Added Pin To Net: NetName=GND Pin=R5-2
Added Pin To Net: NetName=GND Pin=R11-1
Added Pin To Net: NetName=GND Pin=R41-2
Added Pin To Net: NetName=GND Pin=S1-3
Added Pin To Net: NetName=GND Pin=U1-A5
Added Pin To Net: NetName=GND Pin=U1-B8
Added Pin To Net: NetName=GND Pin=U1-B9
Added Pin To Net: NetName=GND Pin=U1-F9
Added Pin To Net: NetName=GND Pin=U1-G2
Added Pin To Net: NetName=GND Pin=U1-J1
Added Pin To Net: NetName=GND Pin=U2-8
Added Pin To Net: NetName=GND Pin=U2-14
Added Pin To Net: NetName=GND Pin=U2-17
Added Pin To Net: NetName=GND Pin=U2-20
Added Pin To Net: NetName=GND Pin=U3-2
Added Pin To Net: NetName=GND Pin=U3-4
Added Pin To Net: NetName=GND Pin=U4-2
Added Pin To Net: NetName=GND Pin=U4-3
Added Pin To Net: NetName=GND Pin=U4-4
Added Pin To Net: NetName=GND Pin=U4-5
Added Pin To Net: NetName=GND Pin=U4-6
Added Pin To Net: NetName=GND Pin=U5-24
Added Pin To Net: NetName=GND Pin=U41-2
Added Net: Name=GND
Added Pin To Net: NetName=GRN_LED Pin=D1-1
Added Pin To Net: NetName=GRN_LED Pin=U1-C8
Added Net: Name=GRN_LED
Added Pin To Net: NetName=MCLK Pin=U1-J6
Added Net: Name=MCLK
Added Pin To Net: NetName=NetC3_1 Pin=C3-1
Added Pin To Net: NetName=NetC3_1 Pin=U1-J2
Added Net: Name=NetC3_1
Added Pin To Net: NetName=NetC5_2 Pin=C5-2
Added Pin To Net: NetName=NetC5_2 Pin=U1-B6
Added Net: Name=NetC5_2
Added Pin To Net: NetName=NetC6_2 Pin=C6-2
Added Pin To Net: NetName=NetC6_2 Pin=U1-A6
Added Net: Name=NetC6_2
Added Pin To Net: NetName=NetC10_1 Pin=C10-1
Added Pin To Net: NetName=NetC10_1 Pin=C19-1
Added Pin To Net: NetName=NetC10_1 Pin=E1-1
Added Net: Name=NetC10_1
Added Pin To Net: NetName=NetC14_2 Pin=C14-2
Added Pin To Net: NetName=NetC14_2 Pin=U2-19
Added Net: Name=NetC14_2
Added Pin To Net: NetName=NetC15_2 Pin=C15-2
Added Pin To Net: NetName=NetC15_2 Pin=R12-2
Added Pin To Net: NetName=NetC15_2 Pin=U2-9
Added Pin To Net: NetName=NetC15_2 Pin=U3-3
Added Net: Name=NetC15_2
Added Pin To Net: NetName=NetC16_2 Pin=C16-2
Added Pin To Net: NetName=NetC16_2 Pin=R12-1
Added Pin To Net: NetName=NetC16_2 Pin=U2-10
Added Pin To Net: NetName=NetC16_2 Pin=U3-1
Added Net: Name=NetC16_2
Added Pin To Net: NetName=NetC17_2 Pin=C17-2
Added Pin To Net: NetName=NetC17_2 Pin=C18-2
Added Pin To Net: NetName=NetC17_2 Pin=L3-2
Added Pin To Net: NetName=NetC17_2 Pin=U2-11
Added Net: Name=NetC17_2
Added Pin To Net: NetName=NetC19_2 Pin=C19-2
Added Pin To Net: NetName=NetC19_2 Pin=L1-2
Added Net: Name=NetC19_2
Added Pin To Net: NetName=NetC21_1 Pin=C21-1
Added Pin To Net: NetName=NetC21_1 Pin=U4-9
Added Net: Name=NetC21_1
Added Pin To Net: NetName=NetC21_2 Pin=C21-2
Added Pin To Net: NetName=NetC21_2 Pin=U4-8
Added Net: Name=NetC21_2
Added Pin To Net: NetName=NetC22_2 Pin=C22-2
Added Pin To Net: NetName=NetC22_2 Pin=U4-7
Added Net: Name=NetC22_2
Added Pin To Net: NetName=NetC41_2 Pin=C41-2
Added Pin To Net: NetName=NetC41_2 Pin=C410-2
Added Pin To Net: NetName=NetC41_2 Pin=S1-2
Added Pin To Net: NetName=NetC41_2 Pin=U41-1
Added Pin To Net: NetName=NetC41_2 Pin=U41-3
Added Pin To Net: NetName=NetC41_2 Pin=U42-1
Added Pin To Net: NetName=NetC41_2 Pin=U42-3
Added Net: Name=NetC41_2
Added Pin To Net: NetName=NetC51_1 Pin=C51-1
Added Pin To Net: NetName=NetC51_1 Pin=U5-1
Added Net: Name=NetC51_1
Added Pin To Net: NetName=NetC51_2 Pin=C51-2
Added Pin To Net: NetName=NetC51_2 Pin=U5-2
Added Net: Name=NetC51_2
Added Pin To Net: NetName=NetC52_1 Pin=C52-1
Added Pin To Net: NetName=NetC52_1 Pin=U5-7
Added Net: Name=NetC52_1
Added Pin To Net: NetName=NetC52_2 Pin=C52-2
Added Pin To Net: NetName=NetC52_2 Pin=U5-8
Added Net: Name=NetC52_2
Added Pin To Net: NetName=NetC53_1 Pin=C53-1
Added Pin To Net: NetName=NetC53_1 Pin=C54-1
Added Pin To Net: NetName=NetC53_1 Pin=U5-9
Added Net: Name=NetC53_1
Added Pin To Net: NetName=NetC55_1 Pin=C55-1
Added Pin To Net: NetName=NetC55_1 Pin=U5-11
Added Net: Name=NetC55_1
Added Pin To Net: NetName=NetC56_1 Pin=C56-1
Added Pin To Net: NetName=NetC56_1 Pin=U5-27
Added Net: Name=NetC56_1
Added Pin To Net: NetName=NetC57_1 Pin=C57-1
Added Pin To Net: NetName=NetC57_1 Pin=R53-1
Added Pin To Net: NetName=NetC57_1 Pin=U5-28
Added Net: Name=NetC57_1
Added Pin To Net: NetName=NetD1_2 Pin=D1-2
Added Pin To Net: NetName=NetD1_2 Pin=R5-1
Added Net: Name=NetD1_2
Added Pin To Net: NetName=NetD41_2 Pin=D41-2
Added Pin To Net: NetName=NetD41_2 Pin=R41-1
Added Net: Name=NetD41_2
Added Pin To Net: NetName=NetL1_1 Pin=L1-1
Added Pin To Net: NetName=NetL1_1 Pin=L2-2
Added Pin To Net: NetName=NetL1_1 Pin=U2-13
Added Net: Name=NetL1_1
Added Pin To Net: NetName=NetL2_1 Pin=L2-1
Added Pin To Net: NetName=NetL2_1 Pin=L3-1
Added Pin To Net: NetName=NetL2_1 Pin=U2-12
Added Net: Name=NetL2_1
Added Pin To Net: NetName=NetR1_1 Pin=R1-1
Added Pin To Net: NetName=NetR1_1 Pin=R2-1
Added Pin To Net: NetName=NetR1_1 Pin=U1-B7
Added Net: Name=NetR1_1
Added Pin To Net: NetName=NetR1_2 Pin=R1-2
Added Pin To Net: NetName=NetR1_2 Pin=U1-A9
Added Net: Name=NetR1_2
Added Pin To Net: NetName=NetR11_2 Pin=R11-2
Added Pin To Net: NetName=NetR11_2 Pin=U2-16
Added Net: Name=NetR11_2
Added Pin To Net: NetName=NetR51_2 Pin=R51-2
Added Pin To Net: NetName=NetR51_2 Pin=U5-31
Added Net: Name=NetR51_2
Added Pin To Net: NetName=NetR52_2 Pin=R52-2
Added Pin To Net: NetName=NetR52_2 Pin=U5-32
Added Net: Name=NetR52_2
Added Pin To Net: NetName=NetU1_B4 Pin=U1-B4
Added Pin To Net: NetName=NetU1_B4 Pin=U4-11
Added Net: Name=NetU1_B4
Added Pin To Net: NetName=NetU1_B5 Pin=U1-B5
Added Pin To Net: NetName=NetU1_B5 Pin=U4-12
Added Net: Name=NetU1_B5
Added Pin To Net: NetName=NetU1_D8 Pin=U1-D8
Added Pin To Net: NetName=NetU1_D8 Pin=U5-20
Added Net: Name=NetU1_D8
Added Pin To Net: NetName=NetU1_D9 Pin=U1-D9
Added Pin To Net: NetName=NetU1_D9 Pin=U5-21
Added Net: Name=NetU1_D9
Added Pin To Net: NetName=NetU1_E1 Pin=U1-E1
Added Pin To Net: NetName=NetU1_E1 Pin=U4-14
Added Net: Name=NetU1_E1
Added Pin To Net: NetName=NetU1_E2 Pin=U1-E2
Added Pin To Net: NetName=NetU1_E2 Pin=U4-13
Added Net: Name=NetU1_E2
Added Pin To Net: NetName=NetU1_E7 Pin=U1-E7
Added Pin To Net: NetName=NetU1_E7 Pin=U5-19
Added Net: Name=NetU1_E7
Added Pin To Net: NetName=NetU1_G4 Pin=U1-G4
Added Pin To Net: NetName=NetU1_G4 Pin=U4-19
Added Net: Name=NetU1_G4
Added Pin To Net: NetName=NetU1_G5 Pin=U1-G5
Added Pin To Net: NetName=NetU1_G5 Pin=U4-20
Added Net: Name=NetU1_G5
Added Pin To Net: NetName=NetU1_G7 Pin=U1-G7
Added Pin To Net: NetName=NetU1_G7 Pin=U2-5
Added Net: Name=NetU1_G7
Added Pin To Net: NetName=NetU1_G8 Pin=U1-G8
Added Pin To Net: NetName=NetU1_G8 Pin=U4-21
Added Net: Name=NetU1_G8
Added Pin To Net: NetName=NetU1_G9 Pin=U1-G9
Added Pin To Net: NetName=NetU1_G9 Pin=U2-4
Added Net: Name=NetU1_G9
Added Pin To Net: NetName=NetU1_H3 Pin=U1-H3
Added Pin To Net: NetName=NetU1_H3 Pin=U5-22
Added Net: Name=NetU1_H3
Added Pin To Net: NetName=NetU1_H4 Pin=U1-H4
Added Pin To Net: NetName=NetU1_H4 Pin=U5-16
Added Net: Name=NetU1_H4
Added Pin To Net: NetName=NetU1_H5 Pin=U1-H5
Added Pin To Net: NetName=NetU1_H5 Pin=U5-14
Added Net: Name=NetU1_H5
Added Pin To Net: NetName=NetU1_H6 Pin=U1-H6
Added Pin To Net: NetName=NetU1_H6 Pin=U2-6
Added Net: Name=NetU1_H6
Added Pin To Net: NetName=NetU1_H7 Pin=U1-H7
Added Pin To Net: NetName=NetU1_H7 Pin=U2-3
Added Net: Name=NetU1_H7
Added Pin To Net: NetName=NetU1_H8 Pin=U1-H8
Added Pin To Net: NetName=NetU1_H8 Pin=U4-24
Added Net: Name=NetU1_H8
Added Pin To Net: NetName=NetU1_H9 Pin=U1-H9
Added Pin To Net: NetName=NetU1_H9 Pin=U4-22
Added Pin To Net: NetName=NetU1_H9 Pin=U4-23
Added Net: Name=NetU1_H9
Added Pin To Net: NetName=NetU1_J3 Pin=U1-J3
Added Pin To Net: NetName=NetU1_J3 Pin=U5-18
Added Net: Name=NetU1_J3
Added Pin To Net: NetName=NetU1_J4 Pin=U1-J4
Added Pin To Net: NetName=NetU1_J4 Pin=U5-15
Added Net: Name=NetU1_J4
Added Pin To Net: NetName=NetU1_J7 Pin=U1-J7
Added Pin To Net: NetName=NetU1_J7 Pin=U2-1
Added Net: Name=NetU1_J7
Added Pin To Net: NetName=NetU1_J8 Pin=U1-J8
Added Pin To Net: NetName=NetU1_J8 Pin=U2-2
Added Net: Name=NetU1_J8
Added Pin To Net: NetName=OUT Pin=U1-C7
Added Net: Name=OUT
Added Pin To Net: NetName=RLDIN_MUX Pin=U5-29
Added Net: Name=RLDIN_MUX
Added Pin To Net: NetName=RLD Pin=C57-2
Added Pin To Net: NetName=RLD Pin=R53-2
Added Pin To Net: NetName=RLD Pin=R54-1
Added Pin To Net: NetName=RLD Pin=R55-2
Added Pin To Net: NetName=RLD Pin=U5-30
Added Net: Name=RLD
Added Pin To Net: NetName=RST Pin=J1-2
Added Pin To Net: NetName=RST Pin=U1-A2
Added Net: Name=RST
Added Pin To Net: NetName=RXD Pin=J1-4
Added Pin To Net: NetName=RXD Pin=U1-C9
Added Net: Name=RXD
Added Pin To Net: NetName=TEST Pin=J1-1
Added Pin To Net: NetName=TEST Pin=U1-A4
Added Net: Name=TEST
Added Pin To Net: NetName=TXD Pin=J1-3
Added Pin To Net: NetName=TXD Pin=U1-D7
Added Net: Name=TXD
Added Pin To Net: NetName=VBAT Pin=J41-1
Added Pin To Net: NetName=VBAT Pin=S1-1
Added Net: Name=VBAT
Added Pin To Net: NetName=VDD Pin=C1-1
Added Pin To Net: NetName=VDD Pin=C2-1
Added Pin To Net: NetName=VDD Pin=C11-2
Added Pin To Net: NetName=VDD Pin=C12-2
Added Pin To Net: NetName=VDD Pin=C13-2
Added Pin To Net: NetName=VDD Pin=C42-2
Added Pin To Net: NetName=VDD Pin=C43-2
Added Pin To Net: NetName=VDD Pin=C44-2
Added Pin To Net: NetName=VDD Pin=C45-2
Added Pin To Net: NetName=VDD Pin=D41-1
Added Pin To Net: NetName=VDD Pin=J1-5
Added Pin To Net: NetName=VDD Pin=U1-E9
Added Pin To Net: NetName=VDD Pin=U1-F2
Added Pin To Net: NetName=VDD Pin=U1-H1
Added Pin To Net: NetName=VDD Pin=U2-7
Added Pin To Net: NetName=VDD Pin=U2-15
Added Pin To Net: NetName=VDD Pin=U2-18
Added Pin To Net: NetName=VDD Pin=U4-15
Added Pin To Net: NetName=VDD Pin=U4-16
Added Pin To Net: NetName=VDD Pin=U4-17
Added Pin To Net: NetName=VDD Pin=U4-18
Added Pin To Net: NetName=VDD Pin=U5-23
Added Pin To Net: NetName=VDD Pin=U41-5
Added Net: Name=VDD
Added Class: Name=AFE_ADS129X
Added Class: Name=LSM9DS0
Added Class: Name=MSP430F5528ZQFE
Added Class: Name=nRF24L01
Added Class: Name=PMU
Added Room: Name=AFE_ADS129X
Added Room: Name=LSM9DS0
Added Room: Name=MSP430F5528ZQFE
Added Room: Name=nRF24L01
Added Room: Name=PMU
